[2023-02-12 20:21:51.705] [info] Checking for update
[2023-02-12 20:21:51.813] [info] Generated new staging user ID: 7a5258cb-edfd-5f17-b25a-d56e58299906
[2023-02-12 20:21:53.254] [info] Found version 5.0.15 (url: altair_5.0.15_x86_64_linux.AppImage)
[2023-02-12 22:34:31.792] [info] Checking for update
[2023-02-12 22:34:33.469] [info] Found version 5.0.15 (url: altair_5.0.15_x86_64_linux.AppImage)
[2023-02-13 00:37:56.321] [info] Checking for update
[2023-02-23 08:59:08.392] [info] Checking for update
[2023-02-23 08:59:10.072] [info] Found version 5.0.16 (url: altair_5.0.16_x86_64_linux.AppImage)
[2023-02-23 16:29:32.189] [info] Checking for update
[2023-02-23 16:29:34.042] [info] Found version 5.0.16 (url: altair_5.0.16_x86_64_linux.AppImage)
[2023-02-24 09:12:15.406] [info] Checking for update
[2023-02-24 09:12:17.519] [info] Found version 5.0.16 (url: altair_5.0.16_x86_64_linux.AppImage)
[2023-02-25 11:36:11.834] [info] Checking for update
[2023-02-25 11:36:13.812] [info] Found version 5.0.16 (url: altair_5.0.16_x86_64_linux.AppImage)
[2023-02-25 11:36:16.462] [info] Downloading update from altair_5.0.16_x86_64_linux.AppImage
[2023-02-25 11:36:20.576] [info] File has 580 changed blocks
[2023-02-25 11:36:20.627] [info] Full: 93,851.09 KB, To download: 11,830.74 KB (13%)
[2023-02-25 11:36:20.629] [info] Differential download: https://github.com/altair-graphql/altair/releases/download/v5.0.16/altair_5.0.16_x86_64_linux.AppImage
[2023-02-25 11:36:20.738] [info] Redirect to https://objects.githubusercontent.com/github-production-release-asset-2e65be/86188653/51ff1ba6-14ec-47a5-87fd-9298a02ab8c0
[2023-02-25 11:36:27.549] [info] New version 5.0.16 has been downloaded to /home/blacky/.cache/altair-updater/pending/altair_5.0.16_x86_64_linux.AppImage
[2023-02-25 11:36:31.502] [info] Install on explicit quitAndInstall
[2023-02-25 11:36:31.504] [info] Install: isSilent: false, isForceRunAfter: true
[2023-02-25 11:36:31.559] [info] Update installer has already been triggered. Quitting application.
[2023-02-25 11:36:33.448] [info] Checking for update
[2023-02-25 11:36:34.880] [info] Update for version 5.0.16 is not available (latest version: 5.0.16, downgrade is disallowed).
[2023-02-25 15:17:14.932] [info] Checking for update
[2023-02-25 15:17:16.742] [info] Update for version 5.0.16 is not available (latest version: 5.0.16, downgrade is disallowed).
[2023-02-26 09:20:49.096] [info] Checking for update
[2023-02-26 09:20:50.966] [info] Update for version 5.0.16 is not available (latest version: 5.0.16, downgrade is disallowed).
[2023-02-27 11:29:42.411] [info] Checking for update
[2023-02-27 11:29:44.101] [info] Update for version 5.0.16 is not available (latest version: 5.0.16, downgrade is disallowed).
[2023-02-27 13:26:33.381] [info] Checking for update
[2023-02-27 13:26:35.364] [info] Update for version 5.0.16 is not available (latest version: 5.0.16, downgrade is disallowed).
[2023-02-28 17:20:33.099] [info] Checking for update
[2023-02-28 17:20:34.969] [info] Update for version 5.0.16 is not available (latest version: 5.0.16, downgrade is disallowed).
[2023-03-02 19:01:10.301] [info] Checking for update
[2023-03-02 19:01:12.639] [info] Update for version 5.0.16 is not available (latest version: 5.0.16, downgrade is disallowed).
[2023-03-04 14:34:12.677] [info] Checking for update
[2023-03-04 14:34:14.773] [info] Found version 5.0.17 (url: altair_5.0.17_x86_64_linux.AppImage)
[2023-03-04 15:36:40.975] [info] Checking for update
[2023-03-04 15:36:42.858] [info] Found version 5.0.17 (url: altair_5.0.17_x86_64_linux.AppImage)
[2023-03-05 09:13:33.369] [info] Checking for update
[2023-03-05 09:13:35.355] [info] Found version 5.0.17 (url: altair_5.0.17_x86_64_linux.AppImage)
[2023-03-05 11:37:06.622] [info] Checking for update
[2023-03-05 11:37:08.902] [info] Found version 5.0.17 (url: altair_5.0.17_x86_64_linux.AppImage)
[2023-03-05 15:09:50.086] [info] Checking for update
[2023-03-05 15:09:51.895] [info] Found version 5.0.17 (url: altair_5.0.17_x86_64_linux.AppImage)
[2023-03-06 06:16:39.560] [info] Checking for update
[2023-03-06 06:16:41.745] [info] Found version 5.0.17 (url: altair_5.0.17_x86_64_linux.AppImage)
[2023-03-06 06:49:58.843] [info] Checking for update
[2023-03-06 06:50:01.592] [info] Found version 5.0.17 (url: altair_5.0.17_x86_64_linux.AppImage)
[2023-03-08 10:19:03.053] [info] Checking for update
[2023-03-08 10:19:04.970] [info] Found version 5.0.17 (url: altair_5.0.17_x86_64_linux.AppImage)
[2023-03-10 08:06:44.351] [info] Checking for update
[2023-03-10 08:06:46.754] [info] Found version 5.0.17 (url: altair_5.0.17_x86_64_linux.AppImage)
[2023-03-10 08:21:24.441] [info] Checking for update
[2023-03-10 08:21:26.843] [info] Found version 5.0.17 (url: altair_5.0.17_x86_64_linux.AppImage)
[2023-03-10 08:21:34.093] [info] Downloading update from altair_5.0.17_x86_64_linux.AppImage
[2023-03-10 08:21:34.098] [info] Cached update sha512 checksum doesn't match the latest available update. New update must be downloaded. Cached: GUVkZL+IFOmgbLlsdribeQaXGiuzWdOuUKtgQ8isg1CsaVZcDx54bbR0g+r6gINqBgORNyvarCwStn6xDvBpkA==, expected: jko6xw9AQPjrl2tMUO+tBDkQ1IjIFGM12YJdNiHrzNsX2jBkkpmApxZvR82jbsmNXsBFug8L2IPSwz+XImmvww==. Directory for cached update will be cleaned
[2023-03-10 08:21:39.960] [info] File has 560 changed blocks
[2023-03-10 08:21:40.034] [info] Full: 93,854.65 KB, To download: 11,834.74 KB (13%)
[2023-03-10 08:21:40.039] [info] Differential download: https://github.com/altair-graphql/altair/releases/download/v5.0.17/altair_5.0.17_x86_64_linux.AppImage
[2023-03-10 08:21:40.141] [info] Redirect to https://objects.githubusercontent.com/github-production-release-asset-2e65be/86188653/e75fd6f1-b5b2-4b8a-993c-d867212b1f36
[2023-03-10 08:21:42.141] [info] New version 5.0.17 has been downloaded to /home/blacky/.cache/altair-updater/pending/altair_5.0.17_x86_64_linux.AppImage
[2023-03-10 08:21:45.301] [info] Install on explicit quitAndInstall
[2023-03-10 08:21:45.303] [info] Install: isSilent: false, isForceRunAfter: true
[2023-03-10 08:21:45.353] [info] Update installer has already been triggered. Quitting application.
[2023-03-10 08:21:47.401] [info] Checking for update
[2023-03-10 08:21:49.001] [info] Update for version 5.0.17 is not available (latest version: 5.0.17, downgrade is disallowed).
[2023-03-29 17:18:24.337] [info] Checking for update
[2023-03-29 17:18:26.374] [info] Found version 5.0.19 (url: altair_5.0.19_x86_64_linux.AppImage)
[2023-03-29 23:07:54.551] [info] Checking for update
[2023-03-29 23:07:56.450] [info] Found version 5.0.19 (url: altair_5.0.19_x86_64_linux.AppImage)
[2023-03-30 10:00:21.280] [info] Checking for update
[2023-03-30 10:00:23.838] [info] Found version 5.0.19 (url: altair_5.0.19_x86_64_linux.AppImage)
[2023-03-31 01:29:47.599] [info] Checking for update
[2023-03-31 01:29:49.905] [info] Found version 5.0.19 (url: altair_5.0.19_x86_64_linux.AppImage)
[2023-03-31 10:04:31.114] [info] Checking for update
[2023-03-31 10:04:33.752] [info] Found version 5.0.19 (url: altair_5.0.19_x86_64_linux.AppImage)
[2023-04-01 07:51:20.189] [info] Checking for update
[2023-04-01 07:51:22.302] [info] Found version 5.0.19 (url: altair_5.0.19_x86_64_linux.AppImage)
[2023-04-01 07:51:37.238] [info] Downloading update from altair_5.0.19_x86_64_linux.AppImage
[2023-04-01 07:51:37.243] [info] Cached update sha512 checksum doesn't match the latest available update. New update must be downloaded. Cached: jko6xw9AQPjrl2tMUO+tBDkQ1IjIFGM12YJdNiHrzNsX2jBkkpmApxZvR82jbsmNXsBFug8L2IPSwz+XImmvww==, expected: xU9V+7o8P68q5tXxV/kgvkWiVtIxvTXH7rRdnKIj1qsjL+Wfy+lQ67TSf8mKXwrM/PefST4uWkM/oKZ7VAlRRg==. Directory for cached update will be cleaned
[2023-04-01 07:51:40.064] [info] File has 592 changed blocks
[2023-04-01 07:51:40.106] [info] Full: 93,327.32 KB, To download: 11,315.55 KB (12%)
[2023-04-01 07:51:40.109] [info] Differential download: https://github.com/altair-graphql/altair/releases/download/v5.0.19/altair_5.0.19_x86_64_linux.AppImage
[2023-04-01 07:51:40.213] [info] Redirect to https://objects.githubusercontent.com/github-production-release-asset-2e65be/86188653/2843767f-a632-408a-9685-5fa283cadc0d
[2023-04-01 07:51:42.735] [info] New version 5.0.19 has been downloaded to /home/blacky/.cache/altair-updater/pending/altair_5.0.19_x86_64_linux.AppImage
[2023-04-01 07:51:44.055] [info] Install on explicit quitAndInstall
[2023-04-01 07:51:44.056] [info] Install: isSilent: false, isForceRunAfter: true
[2023-04-01 07:51:44.101] [info] Update installer has already been triggered. Quitting application.
[2023-04-01 07:51:45.921] [info] Checking for update
[2023-04-01 07:51:47.696] [info] Update for version 5.0.19 is not available (latest version: 5.0.19, downgrade is disallowed).
[2023-04-05 08:08:53.803] [info] Checking for update
[2023-04-05 08:08:55.492] [info] Found version 5.0.21 (url: altair_5.0.21_x86_64_linux.AppImage)
[2023-04-05 08:09:03.726] [info] Downloading update from altair_5.0.21_x86_64_linux.AppImage
[2023-04-05 08:09:03.734] [info] Cached update sha512 checksum doesn't match the latest available update. New update must be downloaded. Cached: xU9V+7o8P68q5tXxV/kgvkWiVtIxvTXH7rRdnKIj1qsjL+Wfy+lQ67TSf8mKXwrM/PefST4uWkM/oKZ7VAlRRg==, expected: EnqU0Eu2z3maD04nayGtH5UzYqiIRk87aTtHiIoGC57vfjxAtFI/9LbIueaN8lsiLTgwX2w6QMWUVd1tsjjerg==. Directory for cached update will be cleaned
[2023-04-05 08:09:06.722] [info] File has 547 changed blocks
[2023-04-05 08:09:06.776] [info] Full: 93,334.5 KB, To download: 11,239.66 KB (12%)
[2023-04-05 08:09:06.779] [info] Differential download: https://github.com/altair-graphql/altair/releases/download/v5.0.21/altair_5.0.21_x86_64_linux.AppImage
[2023-04-05 08:09:06.879] [info] Redirect to https://objects.githubusercontent.com/github-production-release-asset-2e65be/86188653/a26363d3-6011-40af-8ddf-9353da4bcc30
[2023-04-05 08:09:10.588] [info] New version 5.0.21 has been downloaded to /home/blacky/.cache/altair-updater/pending/altair_5.0.21_x86_64_linux.AppImage
[2023-04-05 08:10:00.601] [info] Install on explicit quitAndInstall
[2023-04-05 08:10:00.602] [info] Install: isSilent: false, isForceRunAfter: true
[2023-04-05 08:10:00.643] [info] Update installer has already been triggered. Quitting application.
[2023-04-05 08:10:02.868] [info] Checking for update
[2023-04-05 08:10:04.839] [info] Update for version 5.0.21 is not available (latest version: 5.0.21, downgrade is disallowed).
[2023-05-02 12:37:49.976] [info] Checking for update
[2023-05-02 12:37:51.874] [info] Found version 5.0.24 (url: altair_5.0.24_x86_64_linux.AppImage)
[2023-05-02 12:37:54.688] [info] Downloading update from altair_5.0.24_x86_64_linux.AppImage
[2023-05-02 12:37:54.706] [info] Cached update sha512 checksum doesn't match the latest available update. New update must be downloaded. Cached: EnqU0Eu2z3maD04nayGtH5UzYqiIRk87aTtHiIoGC57vfjxAtFI/9LbIueaN8lsiLTgwX2w6QMWUVd1tsjjerg==, expected: kSP1XR2xXUMiOcY7O9JCfLsrExCHGzCdz07wdaGUYuhfoyF4TY7IhTHGM6eASuHDLDhj9sw82fxJ4/UlKRjzIA==. Directory for cached update will be cleaned
[2023-05-02 12:37:57.734] [info] File has 557 changed blocks
[2023-05-02 12:37:57.788] [info] Full: 93,330.58 KB, To download: 11,333.37 KB (12%)
[2023-05-02 12:37:57.790] [info] Differential download: https://github.com/altair-graphql/altair/releases/download/v5.0.24/altair_5.0.24_x86_64_linux.AppImage
[2023-05-02 12:37:57.899] [info] Redirect to https://objects.githubusercontent.com/github-production-release-asset-2e65be/86188653/71e19023-e7c8-41df-a583-b2c6c280b7a7
[2023-05-02 12:38:00.578] [info] New version 5.0.24 has been downloaded to /home/blacky/.cache/altair-updater/pending/altair_5.0.24_x86_64_linux.AppImage
[2023-05-02 12:38:01.731] [info] Install on explicit quitAndInstall
[2023-05-02 12:38:01.732] [info] Install: isSilent: false, isForceRunAfter: true
[2023-05-02 12:38:01.858] [info] Update installer has already been triggered. Quitting application.
[2023-05-02 12:38:04.370] [info] Checking for update
[2023-05-02 12:38:06.005] [info] Update for version 5.0.24 is not available (latest version: 5.0.24, downgrade is disallowed).
[2023-05-03 10:08:15.926] [info] Checking for update
[2023-05-03 10:08:17.851] [info] Update for version 5.0.24 is not available (latest version: 5.0.24, downgrade is disallowed).
[2023-05-04 08:32:21.106] [info] Checking for update
[2023-05-04 08:32:23.108] [info] Update for version 5.0.24 is not available (latest version: 5.0.24, downgrade is disallowed).
[2023-05-08 09:41:14.989] [info] Checking for update
[2023-05-08 09:41:16.670] [info] Update for version 5.0.24 is not available (latest version: 5.0.24, downgrade is disallowed).
[2023-05-25 13:39:22.424] [info] Checking for update
[2023-05-25 13:39:24.975] [info] Found version 5.0.25 (url: altair_5.0.25_x86_64_linux.AppImage)
[2023-06-25 12:34:21.676] [info] Checking for update
[2023-06-25 12:34:23.760] [info] Found version 5.0.28 (url: altair_5.0.28_x86_64_linux.AppImage)
[2023-06-25 12:34:50.828] [info] Downloading update from altair_5.0.28_x86_64_linux.AppImage
[2023-06-25 12:34:50.839] [info] Cached update sha512 checksum doesn't match the latest available update. New update must be downloaded. Cached: kSP1XR2xXUMiOcY7O9JCfLsrExCHGzCdz07wdaGUYuhfoyF4TY7IhTHGM6eASuHDLDhj9sw82fxJ4/UlKRjzIA==, expected: ODUIJbciVCbHdiryb4lRVJHoERtRM0EpfOSm5HrY6h0o9S91btIOWODrNPxsHMkU6xoS5GNDK8LevzIIFgV+yw==. Directory for cached update will be cleaned
[2023-06-25 12:34:53.507] [info] File has 549 changed blocks
[2023-06-25 12:34:53.550] [info] Full: 93,330.54 KB, To download: 11,245.21 KB (12%)
[2023-06-25 12:34:53.551] [info] Differential download: https://github.com/altair-graphql/altair/releases/download/v5.0.28/altair_5.0.28_x86_64_linux.AppImage
[2023-06-25 12:34:53.758] [info] Redirect to https://objects.githubusercontent.com/github-production-release-asset-2e65be/86188653/6d38973e-9e59-4f0f-839f-f8905e8d97e3
[2023-06-25 12:34:58.784] [info] New version 5.0.28 has been downloaded to /home/blacky/.cache/altair-updater/pending/altair_5.0.28_x86_64_linux.AppImage
[2023-06-25 12:35:02.220] [info] Install on explicit quitAndInstall
[2023-06-25 12:35:02.222] [info] Install: isSilent: false, isForceRunAfter: true
[2023-06-25 12:35:02.276] [info] Update installer has already been triggered. Quitting application.
[2023-06-25 12:35:04.203] [info] Checking for update
[2023-06-25 12:35:06.136] [info] Update for version 5.0.28 is not available (latest version: 5.0.28, downgrade is disallowed).
[2023-06-25 13:26:24.175] [info] Checking for update
[2023-06-25 13:26:26.103] [info] Update for version 5.0.28 is not available (latest version: 5.0.28, downgrade is disallowed).
[2023-06-27 08:04:11.436] [info] Checking for update
[2023-06-27 08:04:13.484] [info] Update for version 5.0.28 is not available (latest version: 5.0.28, downgrade is disallowed).
[2023-06-27 11:34:09.676] [info] Checking for update
[2023-06-27 11:34:11.957] [info] Update for version 5.0.28 is not available (latest version: 5.0.28, downgrade is disallowed).
[2023-06-27 13:57:26.289] [info] Checking for update
[2023-06-27 13:57:28.040] [info] Update for version 5.0.28 is not available (latest version: 5.0.28, downgrade is disallowed).
[2023-06-27 21:19:16.539] [info] Checking for update
[2023-06-27 21:19:18.454] [info] Update for version 5.0.28 is not available (latest version: 5.0.28, downgrade is disallowed).
[2023-06-28 10:34:10.617] [info] Checking for update
[2023-06-28 10:34:12.453] [info] Update for version 5.0.28 is not available (latest version: 5.0.28, downgrade is disallowed).
[2023-06-29 22:42:17.670] [info] Checking for update
[2023-06-29 22:42:20.045] [info] Update for version 5.0.28 is not available (latest version: 5.0.28, downgrade is disallowed).
[2023-06-30 07:53:20.475] [info] Checking for update
[2023-06-30 07:53:22.163] [info] Update for version 5.0.28 is not available (latest version: 5.0.28, downgrade is disallowed).
[2023-06-30 12:31:49.482] [info] Checking for update
[2023-06-30 12:31:51.309] [info] Update for version 5.0.28 is not available (latest version: 5.0.28, downgrade is disallowed).
[2023-07-27 13:59:32.564] [info] Checking for update
[2023-07-27 13:59:34.248] [info] Update for version 5.0.28 is not available (latest version: 5.0.28, downgrade is disallowed).
[2023-07-27 13:59:42.871] [info] Checking for update
[2023-07-27 13:59:43.869] [info] Update for version 5.0.28 is not available (latest version: 5.0.28, downgrade is disallowed).
